{"C:\\Users\\Claud\\Desktop\\itemize\\src\\domain\\entities\\Cart.ts": {"path":"C:\\Users\\Claud\\Desktop\\itemize\\src\\domain\\entities\\Cart.ts","statementMap":{"0":{"start":{"line":10,"column":4},"end":{"line":10,"column":46}},"1":{"start":{"line":14,"column":24},"end":{"line":14,"column":46}},"2":{"start":{"line":16,"column":4},"end":{"line":18,"column":5}},"3":{"start":{"line":17,"column":6},"end":{"line":17,"column":13}},"4":{"start":{"line":20,"column":4},"end":{"line":20,"column":32}}},"fnMap":{"0":{"name":"(anonymous_0)","decl":{"start":{"line":4,"column":2},"end":{"line":4,"column":3}},"loc":{"start":{"line":7,"column":4},"end":{"line":7,"column":6}},"line":7},"1":{"name":"(anonymous_1)","decl":{"start":{"line":9,"column":2},"end":{"line":9,"column":3}},"loc":{"start":{"line":9,"column":21},"end":{"line":11,"column":3}},"line":9},"2":{"name":"(anonymous_2)","decl":{"start":{"line":13,"column":2},"end":{"line":13,"column":3}},"loc":{"start":{"line":13,"column":39},"end":{"line":21,"column":3}},"line":13}},"branchMap":{"0":{"loc":{"start":{"line":16,"column":4},"end":{"line":18,"column":5}},"type":"if","locations":[{"start":{"line":16,"column":4},"end":{"line":18,"column":5}},{"start":{},"end":{}}],"line":16}},"s":{"0":3,"1":4,"2":4,"3":1,"4":3},"f":{"0":8,"1":3,"2":4},"b":{"0":[1,3]},"_coverageSchema":"1a1c01bbd47fc00a2c39e90264f33305004495a9","hash":"859289c69381234ac212e1527fbece92e3671118"}
,"C:\\Users\\Claud\\Desktop\\itemize\\src\\domain\\entities\\Product.ts": {"path":"C:\\Users\\Claud\\Desktop\\itemize\\src\\domain\\entities\\Product.ts","statementMap":{},"fnMap":{"0":{"name":"(anonymous_0)","decl":{"start":{"line":7,"column":2},"end":{"line":7,"column":3}},"loc":{"start":{"line":15,"column":4},"end":{"line":15,"column":6}},"line":15}},"branchMap":{},"s":{},"f":{"0":4},"b":{},"_coverageSchema":"1a1c01bbd47fc00a2c39e90264f33305004495a9","hash":"613e8a3ba2e1b27661570377fadb2c77dd3d353c"}
,"C:\\Users\\Claud\\Desktop\\itemize\\src\\domain\\usecases\\GetProductsUseCase.ts": {"path":"C:\\Users\\Claud\\Desktop\\itemize\\src\\domain\\usecases\\GetProductsUseCase.ts","statementMap":{"0":{"start":{"line":7,"column":4},"end":{"line":7,"column":48}}},"fnMap":{"0":{"name":"(anonymous_0)","decl":{"start":{"line":4,"column":2},"end":{"line":4,"column":3}},"loc":{"start":{"line":4,"column":61},"end":{"line":4,"column":63}},"line":4},"1":{"name":"(anonymous_1)","decl":{"start":{"line":6,"column":2},"end":{"line":6,"column":3}},"loc":{"start":{"line":6,"column":18},"end":{"line":8,"column":3}},"line":6}},"branchMap":{},"s":{"0":1},"f":{"0":1,"1":1},"b":{},"_coverageSchema":"1a1c01bbd47fc00a2c39e90264f33305004495a9","hash":"7db2ae78a4ed95b6b4cf4992d232b11979f68dcc"}
,"C:\\Users\\Claud\\Desktop\\itemize\\src\\presentation\\hooks\\useCartActions.ts": {"path":"C:\\Users\\Claud\\Desktop\\itemize\\src\\presentation\\hooks\\useCartActions.ts","statementMap":{"0":{"start":{"line":6,"column":30},"end":{"line":58,"column":1}},"1":{"start":{"line":7,"column":26},"end":{"line":7,"column":78}},"2":{"start":{"line":7,"column":50},"end":{"line":7,"column":77}},"3":{"start":{"line":9,"column":18},"end":{"line":20,"column":3}},"4":{"start":{"line":11,"column":22},"end":{"line":11,"column":33}},"5":{"start":{"line":13,"column":19},"end":{"line":13,"column":62}},"6":{"start":{"line":14,"column":6},"end":{"line":14,"column":29}},"7":{"start":{"line":16,"column":6},"end":{"line":16,"column":33}},"8":{"start":{"line":17,"column":6},"end":{"line":17,"column":23}},"9":{"start":{"line":22,"column":21},"end":{"line":29,"column":3}},"10":{"start":{"line":24,"column":22},"end":{"line":24,"column":33}},"11":{"start":{"line":25,"column":6},"end":{"line":25,"column":32}},"12":{"start":{"line":26,"column":6},"end":{"line":26,"column":23}},"13":{"start":{"line":31,"column":25},"end":{"line":43,"column":3}},"14":{"start":{"line":33,"column":22},"end":{"line":33,"column":33}},"15":{"start":{"line":35,"column":6},"end":{"line":37,"column":7}},"16":{"start":{"line":36,"column":8},"end":{"line":36,"column":15}},"17":{"start":{"line":39,"column":6},"end":{"line":39,"column":48}},"18":{"start":{"line":40,"column":6},"end":{"line":40,"column":23}},"19":{"start":{"line":45,"column":24},"end":{"line":50,"column":12}},"20":{"start":{"line":46,"column":4},"end":{"line":49,"column":6}},"21":{"start":{"line":47,"column":23},"end":{"line":47,"column":46}},"22":{"start":{"line":52,"column":2},"end":{"line":57,"column":4}}},"fnMap":{"0":{"name":"(anonymous_0)","decl":{"start":{"line":6,"column":30},"end":{"line":6,"column":31}},"loc":{"start":{"line":6,"column":36},"end":{"line":58,"column":1}},"line":6},"1":{"name":"(anonymous_1)","decl":{"start":{"line":7,"column":39},"end":{"line":7,"column":40}},"loc":{"start":{"line":7,"column":50},"end":{"line":7,"column":77}},"line":7},"2":{"name":"(anonymous_2)","decl":{"start":{"line":10,"column":4},"end":{"line":10,"column":5}},"loc":{"start":{"line":10,"column":26},"end":{"line":18,"column":5}},"line":10},"3":{"name":"(anonymous_3)","decl":{"start":{"line":23,"column":4},"end":{"line":23,"column":5}},"loc":{"start":{"line":23,"column":27},"end":{"line":27,"column":5}},"line":23},"4":{"name":"(anonymous_4)","decl":{"start":{"line":32,"column":4},"end":{"line":32,"column":5}},"loc":{"start":{"line":32,"column":43},"end":{"line":41,"column":5}},"line":32},"5":{"name":"(anonymous_5)","decl":{"start":{"line":45,"column":36},"end":{"line":45,"column":37}},"loc":{"start":{"line":45,"column":42},"end":{"line":50,"column":3}},"line":45},"6":{"name":"(anonymous_6)","decl":{"start":{"line":47,"column":6},"end":{"line":47,"column":7}},"loc":{"start":{"line":47,"column":23},"end":{"line":47,"column":46}},"line":47}},"branchMap":{"0":{"loc":{"start":{"line":13,"column":19},"end":{"line":13,"column":62}},"type":"binary-expr","locations":[{"start":{"line":13,"column":19},"end":{"line":13,"column":38}},{"start":{"line":13,"column":42},"end":{"line":13,"column":62}}],"line":13},"1":{"loc":{"start":{"line":35,"column":6},"end":{"line":37,"column":7}},"type":"if","locations":[{"start":{"line":35,"column":6},"end":{"line":37,"column":7}},{"start":{},"end":{}}],"line":35}},"s":{"0":1,"1":5,"2":5,"3":5,"4":1,"5":1,"6":1,"7":1,"8":1,"9":5,"10":1,"11":1,"12":1,"13":5,"14":2,"15":2,"16":1,"17":1,"18":1,"19":5,"20":1,"21":2,"22":5},"f":{"0":5,"1":5,"2":1,"3":1,"4":2,"5":1,"6":2},"b":{"0":[1,1],"1":[1,1]},"_coverageSchema":"1a1c01bbd47fc00a2c39e90264f33305004495a9","hash":"f2888827690783fc4ae2461b770c06850219cff0"}
,"C:\\Users\\Claud\\Desktop\\itemize\\src\\presentation\\hooks\\useProducts.ts": {"path":"C:\\Users\\Claud\\Desktop\\itemize\\src\\presentation\\hooks\\useProducts.ts","statementMap":{"0":{"start":{"line":5,"column":27},"end":{"line":18,"column":1}},"1":{"start":{"line":6,"column":34},"end":{"line":6,"column":57}},"2":{"start":{"line":8,"column":28},"end":{"line":11,"column":19}},"3":{"start":{"line":9,"column":27},"end":{"line":9,"column":54}},"4":{"start":{"line":10,"column":4},"end":{"line":10,"column":32}},"5":{"start":{"line":13,"column":2},"end":{"line":15,"column":26}},"6":{"start":{"line":14,"column":4},"end":{"line":14,"column":24}},"7":{"start":{"line":17,"column":2},"end":{"line":17,"column":22}}},"fnMap":{"0":{"name":"(anonymous_0)","decl":{"start":{"line":5,"column":27},"end":{"line":5,"column":28}},"loc":{"start":{"line":5,"column":66},"end":{"line":18,"column":1}},"line":5},"1":{"name":"(anonymous_1)","decl":{"start":{"line":8,"column":40},"end":{"line":8,"column":41}},"loc":{"start":{"line":8,"column":52},"end":{"line":11,"column":3}},"line":8},"2":{"name":"(anonymous_2)","decl":{"start":{"line":13,"column":12},"end":{"line":13,"column":13}},"loc":{"start":{"line":13,"column":18},"end":{"line":15,"column":3}},"line":13}},"branchMap":{},"s":{"0":1,"1":2,"2":2,"3":1,"4":1,"5":2,"6":1,"7":2},"f":{"0":2,"1":1,"2":1},"b":{},"_coverageSchema":"1a1c01bbd47fc00a2c39e90264f33305004495a9","hash":"132c9a438b2aa180e418c687a96e3d921d3087d7"}
}
