{"C:\\Users\\Claud\\Desktop\\itemize\\src\\domain\\entities\\Cart.ts": {"path":"C:\\Users\\Claud\\Desktop\\itemize\\src\\domain\\entities\\Cart.ts","statementMap":{"0":{"start":{"line":5,"column":4},"end":{"line":5,"column":null}},"1":{"start":{"line":6,"column":4},"end":{"line":6,"column":null}},"2":{"start":{"line":10,"column":4},"end":{"line":10,"column":46}},"3":{"start":{"line":14,"column":24},"end":{"line":14,"column":46}},"4":{"start":{"line":16,"column":4},"end":{"line":18,"column":5}},"5":{"start":{"line":17,"column":6},"end":{"line":17,"column":13}},"6":{"start":{"line":20,"column":4},"end":{"line":20,"column":32}},"7":{"start":{"line":3,"column":0},"end":{"line":3,"column":13}}},"fnMap":{"0":{"name":"(anonymous_0)","decl":{"start":{"line":4,"column":2},"end":{"line":4,"column":null}},"loc":{"start":{"line":6,"column":27},"end":{"line":7,"column":6}}},"1":{"name":"(anonymous_1)","decl":{"start":{"line":9,"column":2},"end":{"line":9,"column":10}},"loc":{"start":{"line":9,"column":10},"end":{"line":11,"column":3}}},"2":{"name":"(anonymous_2)","decl":{"start":{"line":13,"column":2},"end":{"line":13,"column":16}},"loc":{"start":{"line":13,"column":31},"end":{"line":21,"column":3}}}},"branchMap":{"0":{"loc":{"start":{"line":16,"column":4},"end":{"line":18,"column":5}},"type":"if","locations":[{"start":{"line":16,"column":4},"end":{"line":18,"column":5}}]}},"s":{"0":8,"1":8,"2":3,"3":4,"4":4,"5":1,"6":3,"7":2},"f":{"0":8,"1":3,"2":4},"b":{"0":[1]}}
,"C:\\Users\\Claud\\Desktop\\itemize\\src\\domain\\entities\\Product.ts": {"path":"C:\\Users\\Claud\\Desktop\\itemize\\src\\domain\\entities\\Product.ts","statementMap":{"0":{"start":{"line":8,"column":4},"end":{"line":8,"column":null}},"1":{"start":{"line":9,"column":4},"end":{"line":9,"column":null}},"2":{"start":{"line":10,"column":4},"end":{"line":10,"column":null}},"3":{"start":{"line":11,"column":4},"end":{"line":11,"column":null}},"4":{"start":{"line":12,"column":4},"end":{"line":12,"column":null}},"5":{"start":{"line":13,"column":4},"end":{"line":13,"column":null}},"6":{"start":{"line":14,"column":4},"end":{"line":14,"column":null}},"7":{"start":{"line":6,"column":0},"end":{"line":6,"column":13}}},"fnMap":{"0":{"name":"(anonymous_0)","decl":{"start":{"line":7,"column":2},"end":{"line":7,"column":null}},"loc":{"start":{"line":14,"column":34},"end":{"line":15,"column":6}}}},"branchMap":{},"s":{"0":6,"1":6,"2":6,"3":6,"4":6,"5":6,"6":6,"7":6},"f":{"0":6},"b":{}}
,"C:\\Users\\Claud\\Desktop\\itemize\\src\\domain\\enums\\EProductRepositoryErrors.ts": {"path":"C:\\Users\\Claud\\Desktop\\itemize\\src\\domain\\enums\\EProductRepositoryErrors.ts","statementMap":{"0":{"start":{"line":1,"column":0},"end":{"line":1,"column":null}},"1":{"start":{"line":2,"column":2},"end":{"line":2,"column":null}},"2":{"start":{"line":3,"column":2},"end":{"line":3,"column":null}}},"fnMap":{"0":{"name":"(anonymous_0)","decl":{"start":{"line":1,"column":0},"end":{"line":1,"column":12}},"loc":{"start":{"line":1,"column":36},"end":{"line":4,"column":1}}}},"branchMap":{"0":{"loc":{"start":{"line":1,"column":12},"end":{"line":1,"column":null}},"type":"binary-expr","locations":[{"start":{"line":1,"column":12},"end":{"line":1,"column":36}},{"start":{"line":1,"column":36},"end":{"line":1,"column":null}}]}},"s":{"0":1,"1":1,"2":1},"f":{"0":1},"b":{"0":[1,1]}}
,"C:\\Users\\Claud\\Desktop\\itemize\\src\\domain\\usecases\\GetHttpClientUseCase.ts": {"path":"C:\\Users\\Claud\\Desktop\\itemize\\src\\domain\\usecases\\GetHttpClientUseCase.ts","statementMap":{"0":{"start":{"line":4,"column":14},"end":{"line":4,"column":68}},"1":{"start":{"line":7,"column":4},"end":{"line":7,"column":49}},"2":{"start":{"line":3,"column":0},"end":{"line":3,"column":13}}},"fnMap":{"0":{"name":"(anonymous_0)","decl":{"start":{"line":4,"column":2},"end":{"line":4,"column":14}},"loc":{"start":{"line":4,"column":65},"end":{"line":4,"column":69}}},"1":{"name":"(anonymous_1)","decl":{"start":{"line":6,"column":2},"end":{"line":6,"column":7}},"loc":{"start":{"line":6,"column":30},"end":{"line":8,"column":3}}}},"branchMap":{},"s":{"0":1,"1":4,"2":1},"f":{"0":1,"1":4},"b":{}}
,"C:\\Users\\Claud\\Desktop\\itemize\\src\\domain\\usecases\\GetProductsUseCase.ts": {"path":"C:\\Users\\Claud\\Desktop\\itemize\\src\\domain\\usecases\\GetProductsUseCase.ts","statementMap":{"0":{"start":{"line":4,"column":14},"end":{"line":4,"column":62}},"1":{"start":{"line":7,"column":4},"end":{"line":7,"column":48}},"2":{"start":{"line":3,"column":0},"end":{"line":3,"column":13}}},"fnMap":{"0":{"name":"(anonymous_0)","decl":{"start":{"line":4,"column":2},"end":{"line":4,"column":14}},"loc":{"start":{"line":4,"column":59},"end":{"line":4,"column":63}}},"1":{"name":"(anonymous_1)","decl":{"start":{"line":6,"column":2},"end":{"line":6,"column":7}},"loc":{"start":{"line":6,"column":15},"end":{"line":8,"column":3}}}},"branchMap":{},"s":{"0":1,"1":1,"2":1},"f":{"0":1,"1":1},"b":{}}
,"C:\\Users\\Claud\\Desktop\\itemize\\src\\infra\\repositories\\ProductsRepository.ts": {"path":"C:\\Users\\Claud\\Desktop\\itemize\\src\\infra\\repositories\\ProductsRepository.ts","statementMap":{"0":{"start":{"line":4,"column":0},"end":{"line":4,"column":83}},"1":{"start":{"line":9,"column":14},"end":{"line":9,"column":76}},"2":{"start":{"line":12,"column":4},"end":{"line":18,"column":5}},"3":{"start":{"line":14,"column":8},"end":{"line":14,"column":71}},"4":{"start":{"line":15,"column":6},"end":{"line":15,"column":27}},"5":{"start":{"line":17,"column":6},"end":{"line":17,"column":70}},"6":{"start":{"line":22,"column":4},"end":{"line":31,"column":5}},"7":{"start":{"line":23,"column":23},"end":{"line":24,"column":null}},"8":{"start":{"line":26,"column":6},"end":{"line":26,"column":27}},"9":{"start":{"line":28,"column":6},"end":{"line":30,"column":8}},"10":{"start":{"line":8,"column":0},"end":{"line":8,"column":13}}},"fnMap":{"0":{"name":"(anonymous_0)","decl":{"start":{"line":9,"column":2},"end":{"line":9,"column":14}},"loc":{"start":{"line":9,"column":73},"end":{"line":9,"column":77}}},"1":{"name":"(anonymous_1)","decl":{"start":{"line":11,"column":2},"end":{"line":11,"column":7}},"loc":{"start":{"line":11,"column":19},"end":{"line":19,"column":3}}},"2":{"name":"(anonymous_2)","decl":{"start":{"line":21,"column":2},"end":{"line":21,"column":7}},"loc":{"start":{"line":21,"column":33},"end":{"line":32,"column":3}}}},"branchMap":{},"s":{"0":1,"1":1,"2":2,"3":2,"4":1,"5":1,"6":2,"7":2,"8":1,"9":1,"10":1},"f":{"0":1,"1":2,"2":2},"b":{}}
,"C:\\Users\\Claud\\Desktop\\itemize\\src\\presentation\\components\\Card\\CardButton.tsx": {"path":"C:\\Users\\Claud\\Desktop\\itemize\\src\\presentation\\components\\Card\\CardButton.tsx","statementMap":{"0":{"start":{"line":3,"column":53},"end":{"line":14,"column":1}},"1":{"start":{"line":7,"column":2},"end":{"line":13,"column":4}},"2":{"start":{"line":3,"column":13},"end":{"line":3,"column":53}}},"fnMap":{"0":{"name":"(anonymous_0)","decl":{"start":{"line":3,"column":53},"end":{"line":3,"column":54}},"loc":{"start":{"line":6,"column":5},"end":{"line":14,"column":1}}}},"branchMap":{},"s":{"0":1,"1":3,"2":1},"f":{"0":3},"b":{}}
,"C:\\Users\\Claud\\Desktop\\itemize\\src\\presentation\\components\\Card\\CardImage.tsx": {"path":"C:\\Users\\Claud\\Desktop\\itemize\\src\\presentation\\components\\Card\\CardImage.tsx","statementMap":{"0":{"start":{"line":3,"column":51},"end":{"line":13,"column":1}},"1":{"start":{"line":7,"column":2},"end":{"line":12,"column":4}},"2":{"start":{"line":3,"column":13},"end":{"line":3,"column":51}}},"fnMap":{"0":{"name":"(anonymous_0)","decl":{"start":{"line":3,"column":51},"end":{"line":3,"column":52}},"loc":{"start":{"line":6,"column":5},"end":{"line":13,"column":1}}}},"branchMap":{},"s":{"0":1,"1":1,"2":1},"f":{"0":1},"b":{}}
,"C:\\Users\\Claud\\Desktop\\itemize\\src\\presentation\\components\\Card\\CardPrice.tsx": {"path":"C:\\Users\\Claud\\Desktop\\itemize\\src\\presentation\\components\\Card\\CardPrice.tsx","statementMap":{"0":{"start":{"line":3,"column":51},"end":{"line":8,"column":1}},"1":{"start":{"line":7,"column":2},"end":{"line":7,"column":73}},"2":{"start":{"line":3,"column":13},"end":{"line":3,"column":51}}},"fnMap":{"0":{"name":"(anonymous_0)","decl":{"start":{"line":3,"column":51},"end":{"line":3,"column":52}},"loc":{"start":{"line":6,"column":5},"end":{"line":8,"column":1}}}},"branchMap":{},"s":{"0":1,"1":1,"2":1},"f":{"0":1},"b":{}}
,"C:\\Users\\Claud\\Desktop\\itemize\\src\\presentation\\components\\Card\\CardRating.tsx": {"path":"C:\\Users\\Claud\\Desktop\\itemize\\src\\presentation\\components\\Card\\CardRating.tsx","statementMap":{"0":{"start":{"line":3,"column":53},"end":{"line":15,"column":1}},"1":{"start":{"line":8,"column":2},"end":{"line":14,"column":4}},"2":{"start":{"line":3,"column":13},"end":{"line":3,"column":53}}},"fnMap":{"0":{"name":"(anonymous_0)","decl":{"start":{"line":3,"column":53},"end":{"line":3,"column":54}},"loc":{"start":{"line":7,"column":5},"end":{"line":15,"column":1}}}},"branchMap":{},"s":{"0":1,"1":1,"2":1},"f":{"0":1},"b":{}}
,"C:\\Users\\Claud\\Desktop\\itemize\\src\\presentation\\components\\Card\\CardRoot.tsx": {"path":"C:\\Users\\Claud\\Desktop\\itemize\\src\\presentation\\components\\Card\\CardRoot.tsx","statementMap":{"0":{"start":{"line":5,"column":49},"end":{"line":12,"column":1}},"1":{"start":{"line":6,"column":2},"end":{"line":11,"column":4}},"2":{"start":{"line":5,"column":13},"end":{"line":5,"column":49}}},"fnMap":{"0":{"name":"(anonymous_0)","decl":{"start":{"line":5,"column":49},"end":{"line":5,"column":50}},"loc":{"start":{"line":5,"column":77},"end":{"line":12,"column":1}}}},"branchMap":{},"s":{"0":1,"1":3,"2":1},"f":{"0":3},"b":{}}
,"C:\\Users\\Claud\\Desktop\\itemize\\src\\presentation\\components\\Card\\CardTitle.tsx": {"path":"C:\\Users\\Claud\\Desktop\\itemize\\src\\presentation\\components\\Card\\CardTitle.tsx","statementMap":{"0":{"start":{"line":3,"column":51},"end":{"line":8,"column":1}},"1":{"start":{"line":7,"column":2},"end":{"line":7,"column":77}},"2":{"start":{"line":3,"column":13},"end":{"line":3,"column":51}}},"fnMap":{"0":{"name":"(anonymous_0)","decl":{"start":{"line":3,"column":51},"end":{"line":3,"column":52}},"loc":{"start":{"line":6,"column":5},"end":{"line":8,"column":1}}}},"branchMap":{},"s":{"0":1,"1":1,"2":1},"f":{"0":1},"b":{}}
,"C:\\Users\\Claud\\Desktop\\itemize\\src\\presentation\\components\\Card\\index.tsx": {"path":"C:\\Users\\Claud\\Desktop\\itemize\\src\\presentation\\components\\Card\\index.tsx","statementMap":{"0":{"start":{"line":1,"column":0},"end":{"line":1,"column":42}},"1":{"start":{"line":2,"column":0},"end":{"line":2,"column":40}},"2":{"start":{"line":3,"column":0},"end":{"line":3,"column":40}},"3":{"start":{"line":4,"column":0},"end":{"line":4,"column":42}},"4":{"start":{"line":5,"column":0},"end":{"line":5,"column":38}},"5":{"start":{"line":6,"column":0},"end":{"line":6,"column":40}},"6":{"start":{"line":8,"column":13},"end":{"line":15,"column":2}}},"fnMap":{},"branchMap":{},"s":{"0":1,"1":1,"2":1,"3":1,"4":1,"5":1,"6":1},"f":{},"b":{}}
,"C:\\Users\\Claud\\Desktop\\itemize\\src\\presentation\\hooks\\useCartActions.ts": {"path":"C:\\Users\\Claud\\Desktop\\itemize\\src\\presentation\\hooks\\useCartActions.ts","statementMap":{"0":{"start":{"line":1,"column":0},"end":{"line":1,"column":46}},"1":{"start":{"line":3,"column":0},"end":{"line":3,"column":55}},"2":{"start":{"line":4,"column":0},"end":{"line":4,"column":36}},"3":{"start":{"line":6,"column":30},"end":{"line":58,"column":1}},"4":{"start":{"line":7,"column":26},"end":{"line":7,"column":78}},"5":{"start":{"line":7,"column":50},"end":{"line":7,"column":77}},"6":{"start":{"line":9,"column":18},"end":{"line":19,"column":null}},"7":{"start":{"line":11,"column":22},"end":{"line":11,"column":33}},"8":{"start":{"line":13,"column":19},"end":{"line":13,"column":62}},"9":{"start":{"line":14,"column":6},"end":{"line":14,"column":29}},"10":{"start":{"line":16,"column":6},"end":{"line":16,"column":33}},"11":{"start":{"line":17,"column":6},"end":{"line":17,"column":23}},"12":{"start":{"line":22,"column":21},"end":{"line":28,"column":null}},"13":{"start":{"line":24,"column":22},"end":{"line":24,"column":33}},"14":{"start":{"line":25,"column":6},"end":{"line":25,"column":32}},"15":{"start":{"line":26,"column":6},"end":{"line":26,"column":23}},"16":{"start":{"line":31,"column":25},"end":{"line":42,"column":null}},"17":{"start":{"line":33,"column":22},"end":{"line":33,"column":33}},"18":{"start":{"line":35,"column":6},"end":{"line":37,"column":7}},"19":{"start":{"line":36,"column":8},"end":{"line":36,"column":15}},"20":{"start":{"line":39,"column":6},"end":{"line":39,"column":48}},"21":{"start":{"line":40,"column":6},"end":{"line":40,"column":23}},"22":{"start":{"line":45,"column":24},"end":{"line":50,"column":12}},"23":{"start":{"line":46,"column":4},"end":{"line":49,"column":6}},"24":{"start":{"line":47,"column":23},"end":{"line":47,"column":46}},"25":{"start":{"line":52,"column":2},"end":{"line":57,"column":4}},"26":{"start":{"line":6,"column":13},"end":{"line":6,"column":30}}},"fnMap":{"0":{"name":"(anonymous_0)","decl":{"start":{"line":6,"column":30},"end":{"line":6,"column":33}},"loc":{"start":{"line":6,"column":35},"end":{"line":58,"column":1}}},"1":{"name":"(anonymous_1)","decl":{"start":{"line":7,"column":39},"end":{"line":7,"column":40}},"loc":{"start":{"line":7,"column":50},"end":{"line":7,"column":77}}},"2":{"name":"(anonymous_2)","decl":{"start":{"line":10,"column":4},"end":{"line":10,"column":5}},"loc":{"start":{"line":10,"column":25},"end":{"line":18,"column":5}}},"3":{"name":"(anonymous_3)","decl":{"start":{"line":23,"column":4},"end":{"line":23,"column":5}},"loc":{"start":{"line":23,"column":26},"end":{"line":27,"column":5}}},"4":{"name":"(anonymous_4)","decl":{"start":{"line":32,"column":4},"end":{"line":32,"column":5}},"loc":{"start":{"line":32,"column":42},"end":{"line":41,"column":5}}},"5":{"name":"(anonymous_5)","decl":{"start":{"line":45,"column":36},"end":{"line":45,"column":39}},"loc":{"start":{"line":45,"column":41},"end":{"line":50,"column":3}}},"6":{"name":"(anonymous_6)","decl":{"start":{"line":47,"column":6},"end":{"line":47,"column":7}},"loc":{"start":{"line":47,"column":23},"end":{"line":47,"column":46}}}},"branchMap":{"0":{"loc":{"start":{"line":13,"column":19},"end":{"line":13,"column":62}},"type":"binary-expr","locations":[{"start":{"line":13,"column":19},"end":{"line":13,"column":38}},{"start":{"line":13,"column":42},"end":{"line":13,"column":62}}]},"1":{"loc":{"start":{"line":35,"column":6},"end":{"line":37,"column":7}},"type":"if","locations":[{"start":{"line":35,"column":6},"end":{"line":37,"column":7}}]}},"s":{"0":1,"1":1,"2":1,"3":1,"4":5,"5":5,"6":5,"7":1,"8":1,"9":1,"10":1,"11":1,"12":5,"13":1,"14":1,"15":1,"16":5,"17":2,"18":2,"19":1,"20":1,"21":1,"22":5,"23":1,"24":2,"25":5,"26":1},"f":{"0":5,"1":5,"2":1,"3":1,"4":2,"5":1,"6":2},"b":{"0":[1,1],"1":[1]}}
,"C:\\Users\\Claud\\Desktop\\itemize\\src\\presentation\\hooks\\useProducts.ts": {"path":"C:\\Users\\Claud\\Desktop\\itemize\\src\\presentation\\hooks\\useProducts.ts","statementMap":{"0":{"start":{"line":2,"column":0},"end":{"line":2,"column":57}},"1":{"start":{"line":5,"column":27},"end":{"line":18,"column":1}},"2":{"start":{"line":6,"column":34},"end":{"line":6,"column":57}},"3":{"start":{"line":8,"column":28},"end":{"line":11,"column":19}},"4":{"start":{"line":9,"column":27},"end":{"line":9,"column":54}},"5":{"start":{"line":10,"column":4},"end":{"line":10,"column":32}},"6":{"start":{"line":13,"column":2},"end":{"line":15,"column":26}},"7":{"start":{"line":14,"column":4},"end":{"line":14,"column":24}},"8":{"start":{"line":17,"column":2},"end":{"line":17,"column":22}},"9":{"start":{"line":5,"column":13},"end":{"line":5,"column":27}}},"fnMap":{"0":{"name":"(anonymous_0)","decl":{"start":{"line":5,"column":27},"end":{"line":5,"column":28}},"loc":{"start":{"line":5,"column":65},"end":{"line":18,"column":1}}},"1":{"name":"(anonymous_1)","decl":{"start":{"line":8,"column":40},"end":{"line":8,"column":45}},"loc":{"start":{"line":8,"column":51},"end":{"line":11,"column":3}}},"2":{"name":"(anonymous_2)","decl":{"start":{"line":13,"column":12},"end":{"line":13,"column":15}},"loc":{"start":{"line":13,"column":17},"end":{"line":15,"column":3}}}},"branchMap":{},"s":{"0":1,"1":1,"2":2,"3":2,"4":1,"5":1,"6":2,"7":1,"8":2,"9":1},"f":{"0":2,"1":1,"2":1},"b":{}}
}
